<?xml version="1.0" encoding="utf-8"?><testsuites><testsuite name="pytest" errors="0" failures="0" skipped="0" tests="4" time="4.396" timestamp="2024-11-09T00:56:30.477765" hostname="LAPTOP-FNKDDO9H"><testcase classname="tests.model.test_model.TestModel" name="test_model_fit" time="0.456" /><testcase classname="tests.model.test_model.TestModel" name="test_model_predict" time="0.427" /><testcase classname="tests.model.test_model.TestModel" name="test_model_preprocess_for_serving" time="0.304" /><testcase classname="tests.model.test_model.TestModel" name="test_model_preprocess_for_training" time="0.310" /></testsuite></testsuites>